#
# There is insufficient memory for the Java Runtime Environment to continue.
# Native memory allocation (malloc) failed to allocate 32744 bytes for ChunkPool::allocate
# Possible reasons:
#   The system is out of physical RAM or swap space
#   The process is running with CompressedOops enabled, and the Java Heap may be blocking the growth of the native heap
# Possible solutions:
#   Reduce memory load on the system
#   Increase physical memory or swap space
#   Check if swap backing store is full
#   Decrease Java heap size (-Xmx/-Xms)
#   Decrease number of Java threads
#   Decrease Java thread stack sizes (-Xss)
#   Set larger code cache with -XX:ReservedCodeCacheSize=
#   JVM is running with Zero Based Compressed Oops mode in which the Java heap is
#     placed in the first 32GB address space. The Java Heap base address is the
#     maximum limit for the native heap growth. Please use -XX:HeapBaseMinAddress
#     to set the Java Heap base and to place the Java Heap above 32GB virtual address.
# This output file may be truncated or incomplete.
#
#  Out of Memory Error (arena.cpp:78), pid=396, tid=14144
#
# JRE version: OpenJDK Runtime Environment Temurin-17.0.1+12 (17.0.1+12) (build 17.0.1+12)
# Java VM: OpenJDK 64-Bit Server VM Temurin-17.0.1+12 (17.0.1+12, mixed mode, tiered, compressed oops, compressed class ptrs, g1 gc, windows-amd64)
# No core dump will be written. Minidumps are not enabled by default on client versions of Windows
#

---------------  S U M M A R Y ------------

Command Line: -ea -Dfile.encoding=UTF-8 -XX:+ShowCodeDetailsInExceptionMessages org.eclipse.jdt.internal.junit.runner.RemoteTestRunner -version 3 -port 53735 -testLoaderClass org.eclipse.jdt.internal.junit5.runner.JUnit5TestLoader -loaderpluginname org.eclipse.jdt.junit5.runtime -test org.srn.web.Recruiter.RecruiterApplicationTests:addPankajProfile -uniqueId [engine:junit-jupiter]/[class:org.srn.web.Recruiter.RecruiterApplicationTests]/[method:addPankajProfile()]

Host: AMD A6-6310 APU with AMD Radeon R4 Graphics    , 4 cores, 14G,  Windows 10 , 64 bit Build 19041 (10.0.19041.2364)
Time: Wed Jan 25 16:40:44 2023 India Standard Time elapsed time: 16.741124 seconds (0d 0h 0m 16s)

---------------  T H R E A D  ---------------

Current thread (0x0000020ce785d6b0):  JavaThread "C2 CompilerThread0" daemon [_thread_in_native, id=14144, stack(0x00000082bf600000,0x00000082bf700000)]


Current CompileTask:
C2:  16741 1894       4       java.lang.invoke.MethodType::makeImpl (109 bytes)

Stack: [0x00000082bf600000,0x00000082bf700000]
Native frames: (J=compiled Java code, j=interpreted, Vv=VM code, C=native code)
V  [jvm.dll+0x6744da]
V  [jvm.dll+0x82e144]
V  [jvm.dll+0x82f8ee]
V  [jvm.dll+0x82ff53]
V  [jvm.dll+0x245175]
V  [jvm.dll+0xabaa0]
V  [jvm.dll+0xabdec]
V  [jvm.dll+0x3680c2]
V  [jvm.dll+0x55df66]
V  [jvm.dll+0x32d4f0]
V  [jvm.dll+0x32c96a]
V  [jvm.dll+0x218031]
V  [jvm.dll+0x217451]
V  [jvm.dll+0x1a355d]
V  [jvm.dll+0x226e38]
V  [jvm.dll+0x224f7c]
V  [jvm.dll+0x7e3f5b]
V  [jvm.dll+0x7de51a]
V  [jvm.dll+0x673305]
C  [ucrtbase.dll+0x21bb2]
C  [KERNEL32.DLL+0x17614]
C  [ntdll.dll+0x526a1]


---------------  P R O C E S S  ---------------

Threads class SMR info:
_java_thread_list=0x0000020ce93e98e0, length=15, elements={
0x0000020cc9e55620, 0x0000020ce782e1b0, 0x0000020ce782f230, 0x0000020ce785afd0,
0x0000020ce785b890, 0x0000020ce785c150, 0x0000020ce785ca10, 0x0000020ce785d6b0,
0x0000020ce849e5f0, 0x0000020ce84a02b0, 0x0000020ce86e42c0, 0x0000020ce8704e10,
0x0000020ce8dafb80, 0x0000020ce986f450, 0x0000020ce9353820
}

Java Threads: ( => current thread )
  0x0000020cc9e55620 JavaThread "main" [_thread_in_vm, id=22884, stack(0x00000082be900000,0x00000082bea00000)]
  0x0000020ce782e1b0 JavaThread "Reference Handler" daemon [_thread_blocked, id=16656, stack(0x00000082bf000000,0x00000082bf100000)]
  0x0000020ce782f230 JavaThread "Finalizer" daemon [_thread_blocked, id=26892, stack(0x00000082bf100000,0x00000082bf200000)]
  0x0000020ce785afd0 JavaThread "Signal Dispatcher" daemon [_thread_blocked, id=24692, stack(0x00000082bf200000,0x00000082bf300000)]
  0x0000020ce785b890 JavaThread "Attach Listener" daemon [_thread_blocked, id=8468, stack(0x00000082bf300000,0x00000082bf400000)]
  0x0000020ce785c150 JavaThread "Service Thread" daemon [_thread_blocked, id=6600, stack(0x00000082bf400000,0x00000082bf500000)]
  0x0000020ce785ca10 JavaThread "Monitor Deflation Thread" daemon [_thread_blocked, id=13888, stack(0x00000082bf500000,0x00000082bf600000)]
=>0x0000020ce785d6b0 JavaThread "C2 CompilerThread0" daemon [_thread_in_native, id=14144, stack(0x00000082bf600000,0x00000082bf700000)]
  0x0000020ce849e5f0 JavaThread "C1 CompilerThread0" daemon [_thread_blocked, id=19228, stack(0x00000082bf700000,0x00000082bf800000)]
  0x0000020ce84a02b0 JavaThread "Sweeper thread" daemon [_thread_blocked, id=17184, stack(0x00000082bf800000,0x00000082bf900000)]
  0x0000020ce86e42c0 JavaThread "Notification Thread" daemon [_thread_blocked, id=24328, stack(0x00000082bf900000,0x00000082bfa00000)]
  0x0000020ce8704e10 JavaThread "Common-Cleaner" daemon [_thread_blocked, id=10912, stack(0x00000082bfb00000,0x00000082bfc00000)]
  0x0000020ce8dafb80 JavaThread "ReaderThread" [_thread_in_native, id=26784, stack(0x00000082bff00000,0x00000082c0000000)]
  0x0000020ce986f450 JavaThread "C2 CompilerThread1" daemon [_thread_in_native, id=15768, stack(0x00000082c0000000,0x00000082c0100000)]
  0x0000020ce9353820 JavaThread "background-preinit" [_thread_in_vm, id=18368, stack(0x00000082c0100000,0x00000082c0200000)]

Other Threads:
  0x0000020ce7827210 VMThread "VM Thread" [stack: 0x00000082bef00000,0x00000082bf000000] [id=24900]
  0x0000020ce86e87a0 WatcherThread [stack: 0x00000082bfa00000,0x00000082bfb00000] [id=1112]
  0x0000020cc9ea3ef0 GCTaskThread "GC Thread#0" [stack: 0x00000082bea00000,0x00000082beb00000] [id=18688]
  0x0000020ce8da8050 GCTaskThread "GC Thread#1" [stack: 0x00000082bfc00000,0x00000082bfd00000] [id=20500]
  0x0000020ce8da8300 GCTaskThread "GC Thread#2" [stack: 0x00000082bfd00000,0x00000082bfe00000] [id=22480]
  0x0000020ce8d32250 GCTaskThread "GC Thread#3" [stack: 0x00000082bfe00000,0x00000082bff00000] [id=17568]
  0x0000020cc9eb5bd0 ConcurrentGCThread "G1 Main Marker" [stack: 0x00000082beb00000,0x00000082bec00000] [id=6228]
  0x0000020cc9eb7ce0 ConcurrentGCThread "G1 Conc#0" [stack: 0x00000082bec00000,0x00000082bed00000] [id=20420]
  0x0000020ce76a24b0 ConcurrentGCThread "G1 Refine#0" [stack: 0x00000082bed00000,0x00000082bee00000] [id=12264]
  0x0000020cc9f19e60 ConcurrentGCThread "G1 Service" [stack: 0x00000082bee00000,0x00000082bef00000] [id=27384]

Threads with active compile tasks:
C2 CompilerThread0    17020 1894       4       java.lang.invoke.MethodType::makeImpl (109 bytes)
C2 CompilerThread1    17021 2028       4       jdk.internal.util.jar.JarIndex::get (49 bytes)

VM state: not at safepoint (normal execution)

VM Mutex/Monitor currently owned by a thread:  ([mutex/lock_event])
[0x0000020cc9e4d680] Metaspace_lock - owner thread: 0x0000020cc9e55620

Heap address: 0x0000000710800000, size: 3832 MB, Compressed Oops mode: Zero based, Oop shift amount: 3

CDS archive(s) not mapped
Compressed class space mapped at: 0x0000000800000000-0x0000000840000000, reserved size: 1073741824
Narrow klass base: 0x0000000800000000, Narrow klass shift: 0, Narrow klass range: 0x40000000

GC Precious Log:
 CPUs: 4 total, 4 available
 Memory: 15320M
 Large Page Support: Disabled
 NUMA Support: Disabled
 Compressed Oops: Enabled (Zero based)
 Heap Region Size: 2M
 Heap Min Capacity: 8M
 Heap Initial Capacity: 240M
 Heap Max Capacity: 3832M
 Pre-touch: Disabled
 Parallel Workers: 4
 Concurrent Workers: 1
 Concurrent Refinement Workers: 4
 Periodic GC: Disabled

Heap:
 garbage-first heap   total 245760K, used 32877K [0x0000000710800000, 0x0000000800000000)
  region size 2048K, 14 young (28672K), 2 survivors (4096K)
 Metaspace       used 21228K, committed 21376K, reserved 1073152K
  class space    used 2408K, committed 2496K, reserved 1048576K

Heap Regions: E=young(eden), S=young(survivor), O=old, HS=humongous(starts), HC=humongous(continues), CS=collection set, F=free, OA=open archive, CA=closed archive, TAMS=top-at-mark-start (previous, next)
|   0|0x0000000710800000, 0x0000000710a00000, 0x0000000710a00000|100%| O|  |TAMS 0x0000000710800000, 0x0000000710800000| Untracked 
|   1|0x0000000710a00000, 0x0000000710c00000, 0x0000000710c00000|100%| O|  |TAMS 0x0000000710a00000, 0x0000000710a00000| Untracked 
|   2|0x0000000710c00000, 0x0000000710e00000, 0x0000000710e00000|100%| O|  |TAMS 0x0000000710c00000, 0x0000000710c00000| Untracked 
|   3|0x0000000710e00000, 0x0000000710f9aa00, 0x0000000711000000| 80%| O|  |TAMS 0x0000000710e00000, 0x0000000710e00000| Untracked 
|   4|0x0000000711000000, 0x0000000711000000, 0x0000000711200000|  0%| F|  |TAMS 0x0000000711000000, 0x0000000711000000| Untracked 
|   5|0x0000000711200000, 0x0000000711200000, 0x0000000711400000|  0%| F|  |TAMS 0x0000000711200000, 0x0000000711200000| Untracked 
|   6|0x0000000711400000, 0x0000000711400000, 0x0000000711600000|  0%| F|  |TAMS 0x0000000711400000, 0x0000000711400000| Untracked 
|   7|0x0000000711600000, 0x0000000711600000, 0x0000000711800000|  0%| F|  |TAMS 0x0000000711600000, 0x0000000711600000| Untracked 
|   8|0x0000000711800000, 0x0000000711800000, 0x0000000711a00000|  0%| F|  |TAMS 0x0000000711800000, 0x0000000711800000| Untracked 
|   9|0x0000000711a00000, 0x0000000711a00000, 0x0000000711c00000|  0%| F|  |TAMS 0x0000000711a00000, 0x0000000711a00000| Untracked 
|  10|0x0000000711c00000, 0x0000000711c00000, 0x0000000711e00000|  0%| F|  |TAMS 0x0000000711c00000, 0x0000000711c00000| Untracked 
|  11|0x0000000711e00000, 0x0000000711e00000, 0x0000000712000000|  0%| F|  |TAMS 0x0000000711e00000, 0x0000000711e00000| Untracked 
|  12|0x0000000712000000, 0x0000000712000000, 0x0000000712200000|  0%| F|  |TAMS 0x0000000712000000, 0x0000000712000000| Untracked 
|  13|0x0000000712200000, 0x0000000712200000, 0x0000000712400000|  0%| F|  |TAMS 0x0000000712200000, 0x0000000712200000| Untracked 
|  14|0x0000000712400000, 0x0000000712400000, 0x0000000712600000|  0%| F|  |TAMS 0x0000000712400000, 0x0000000712400000| Untracked 
|  15|0x0000000712600000, 0x0000000712600000, 0x0000000712800000|  0%| F|  |TAMS 0x0000000712600000, 0x0000000712600000| Untracked 
|  16|0x0000000712800000, 0x0000000712800000, 0x0000000712a00000|  0%| F|  |TAMS 0x0000000712800000, 0x0000000712800000| Untracked 
|  17|0x0000000712a00000, 0x0000000712a00000, 0x0000000712c00000|  0%| F|  |TAMS 0x0000000712a00000, 0x0000000712a00000| Untracked 
|  18|0x0000000712c00000, 0x0000000712c00000, 0x0000000712e00000|  0%| F|  |TAMS 0x0000000712c00000, 0x0000000712c00000| Untracked 
|  19|0x0000000712e00000, 0x0000000712e00000, 0x0000000713000000|  0%| F|  |TAMS 0x0000000712e00000, 0x0000000712e00000| Untracked 
|  20|0x0000000713000000, 0x0000000713000000, 0x0000000713200000|  0%| F|  |TAMS 0x0000000713000000, 0x0000000713000000| Untracked 
|  21|0x0000000713200000, 0x0000000713200000, 0x0000000713400000|  0%| F|  |TAMS 0x0000000713200000, 0x0000000713200000| Untracked 
|  22|0x0000000713400000, 0x0000000713400000, 0x0000000713600000|  0%| F|  |TAMS 0x0000000713400000, 0x0000000713400000| Untracked 
|  23|0x0000000713600000, 0x0000000713600000, 0x0000000713800000|  0%| F|  |TAMS 0x0000000713600000, 0x0000000713600000| Untracked 
|  24|0x0000000713800000, 0x0000000713800000, 0x0000000713a00000|  0%| F|  |TAMS 0x0000000713800000, 0x0000000713800000| Untracked 
|  25|0x0000000713a00000, 0x0000000713a00000, 0x0000000713c00000|  0%| F|  |TAMS 0x0000000713a00000, 0x0000000713a00000| Untracked 
|  26|0x0000000713c00000, 0x0000000713c00000, 0x0000000713e00000|  0%| F|  |TAMS 0x0000000713c00000, 0x0000000713c00000| Untracked 
|  27|0x0000000713e00000, 0x0000000713e00000, 0x0000000714000000|  0%| F|  |TAMS 0x0000000713e00000, 0x0000000713e00000| Untracked 
|  28|0x0000000714000000, 0x0000000714000000, 0x0000000714200000|  0%| F|  |TAMS 0x0000000714000000, 0x0000000714000000| Untracked 
|  29|0x0000000714200000, 0x0000000714200000, 0x0000000714400000|  0%| F|  |TAMS 0x0000000714200000, 0x0000000714200000| Untracked 
|  30|0x0000000714400000, 0x0000000714400000, 0x0000000714600000|  0%| F|  |TAMS 0x0000000714400000, 0x0000000714400000| Untracked 
|  31|0x0000000714600000, 0x0000000714600000, 0x0000000714800000|  0%| F|  |TAMS 0x0000000714600000, 0x0000000714600000| Untracked 
|  32|0x0000000714800000, 0x0000000714800000, 0x0000000714a00000|  0%| F|  |TAMS 0x0000000714800000, 0x0000000714800000| Untracked 
|  33|0x0000000714a00000, 0x0000000714a00000, 0x0000000714c00000|  0%| F|  |TAMS 0x0000000714a00000, 0x0000000714a00000| Untracked 
|  34|0x0000000714c00000, 0x0000000714c00000, 0x0000000714e00000|  0%| F|  |TAMS 0x0000000714c00000, 0x0000000714c00000| Untracked 
|  35|0x0000000714e00000, 0x0000000714e00000, 0x0000000715000000|  0%| F|  |TAMS 0x0000000714e00000, 0x0000000714e00000| Untracked 
|  36|0x0000000715000000, 0x0000000715000000, 0x0000000715200000|  0%| F|  |TAMS 0x0000000715000000, 0x0000000715000000| Untracked 
|  37|0x0000000715200000, 0x0000000715200000, 0x0000000715400000|  0%| F|  |TAMS 0x0000000715200000, 0x0000000715200000| Untracked 
|  38|0x0000000715400000, 0x0000000715400000, 0x0000000715600000|  0%| F|  |TAMS 0x0000000715400000, 0x0000000715400000| Untracked 
|  39|0x0000000715600000, 0x0000000715600000, 0x0000000715800000|  0%| F|  |TAMS 0x0000000715600000, 0x0000000715600000| Untracked 
|  40|0x0000000715800000, 0x0000000715800000, 0x0000000715a00000|  0%| F|  |TAMS 0x0000000715800000, 0x0000000715800000| Untracked 
|  41|0x0000000715a00000, 0x0000000715a00000, 0x0000000715c00000|  0%| F|  |TAMS 0x0000000715a00000, 0x0000000715a00000| Untracked 
|  42|0x0000000715c00000, 0x0000000715c00000, 0x0000000715e00000|  0%| F|  |TAMS 0x0000000715c00000, 0x0000000715c00000| Untracked 
|  43|0x0000000715e00000, 0x0000000715e00000, 0x0000000716000000|  0%| F|  |TAMS 0x0000000715e00000, 0x0000000715e00000| Untracked 
|  44|0x0000000716000000, 0x0000000716000000, 0x0000000716200000|  0%| F|  |TAMS 0x0000000716000000, 0x0000000716000000| Untracked 
|  45|0x0000000716200000, 0x0000000716200000, 0x0000000716400000|  0%| F|  |TAMS 0x0000000716200000, 0x0000000716200000| Untracked 
|  46|0x0000000716400000, 0x0000000716400000, 0x0000000716600000|  0%| F|  |TAMS 0x0000000716400000, 0x0000000716400000| Untracked 
|  47|0x0000000716600000, 0x0000000716600000, 0x0000000716800000|  0%| F|  |TAMS 0x0000000716600000, 0x0000000716600000| Untracked 
|  48|0x0000000716800000, 0x0000000716800000, 0x0000000716a00000|  0%| F|  |TAMS 0x0000000716800000, 0x0000000716800000| Untracked 
|  49|0x0000000716a00000, 0x0000000716a00000, 0x0000000716c00000|  0%| F|  |TAMS 0x0000000716a00000, 0x0000000716a00000| Untracked 
|  50|0x0000000716c00000, 0x0000000716c00000, 0x0000000716e00000|  0%| F|  |TAMS 0x0000000716c00000, 0x0000000716c00000| Untracked 
|  51|0x0000000716e00000, 0x0000000716e00000, 0x0000000717000000|  0%| F|  |TAMS 0x0000000716e00000, 0x0000000716e00000| Untracked 
|  52|0x0000000717000000, 0x0000000717000000, 0x0000000717200000|  0%| F|  |TAMS 0x0000000717000000, 0x0000000717000000| Untracked 
|  53|0x0000000717200000, 0x0000000717200000, 0x0000000717400000|  0%| F|  |TAMS 0x0000000717200000, 0x0000000717200000| Untracked 
|  54|0x0000000717400000, 0x0000000717400000, 0x0000000717600000|  0%| F|  |TAMS 0x0000000717400000, 0x0000000717400000| Untracked 
|  55|0x0000000717600000, 0x0000000717600000, 0x0000000717800000|  0%| F|  |TAMS 0x0000000717600000, 0x0000000717600000| Untracked 
|  56|0x0000000717800000, 0x0000000717800000, 0x0000000717a00000|  0%| F|  |TAMS 0x0000000717800000, 0x0000000717800000| Untracked 
|  57|0x0000000717a00000, 0x0000000717a00000, 0x0000000717c00000|  0%| F|  |TAMS 0x0000000717a00000, 0x0000000717a00000| Untracked 
|  58|0x0000000717c00000, 0x0000000717c00000, 0x0000000717e00000|  0%| F|  |TAMS 0x0000000717c00000, 0x0000000717c00000| Untracked 
|  59|0x0000000717e00000, 0x0000000717e00000, 0x0000000718000000|  0%| F|  |TAMS 0x0000000717e00000, 0x0000000717e00000| Untracked 
|  60|0x0000000718000000, 0x0000000718000000, 0x0000000718200000|  0%| F|  |TAMS 0x0000000718000000, 0x0000000718000000| Untracked 
|  61|0x0000000718200000, 0x0000000718200000, 0x0000000718400000|  0%| F|  |TAMS 0x0000000718200000, 0x0000000718200000| Untracked 
|  62|0x0000000718400000, 0x0000000718400000, 0x0000000718600000|  0%| F|  |TAMS 0x0000000718400000, 0x0000000718400000| Untracked 
|  63|0x0000000718600000, 0x0000000718600000, 0x0000000718800000|  0%| F|  |TAMS 0x0000000718600000, 0x0000000718600000| Untracked 
|  64|0x0000000718800000, 0x0000000718800000, 0x0000000718a00000|  0%| F|  |TAMS 0x0000000718800000, 0x0000000718800000| Untracked 
|  65|0x0000000718a00000, 0x0000000718a00000, 0x0000000718c00000|  0%| F|  |TAMS 0x0000000718a00000, 0x0000000718a00000| Untracked 
|  66|0x0000000718c00000, 0x0000000718c00000, 0x0000000718e00000|  0%| F|  |TAMS 0x0000000718c00000, 0x0000000718c00000| Untracked 
|  67|0x0000000718e00000, 0x0000000718e00000, 0x0000000719000000|  0%| F|  |TAMS 0x0000000718e00000, 0x0000000718e00000| Untracked 
|  68|0x0000000719000000, 0x0000000719000000, 0x0000000719200000|  0%| F|  |TAMS 0x0000000719000000, 0x0000000719000000| Untracked 
|  69|0x0000000719200000, 0x0000000719200000, 0x0000000719400000|  0%| F|  |TAMS 0x0000000719200000, 0x0000000719200000| Untracked 
|  70|0x0000000719400000, 0x0000000719400000, 0x0000000719600000|  0%| F|  |TAMS 0x0000000719400000, 0x0000000719400000| Untracked 
|  71|0x0000000719600000, 0x0000000719600000, 0x0000000719800000|  0%| F|  |TAMS 0x0000000719600000, 0x0000000719600000| Untracked 
|  72|0x0000000719800000, 0x0000000719800000, 0x0000000719a00000|  0%| F|  |TAMS 0x0000000719800000, 0x0000000719800000| Untracked 
|  73|0x0000000719a00000, 0x0000000719a00000, 0x0000000719c00000|  0%| F|  |TAMS 0x0000000719a00000, 0x0000000719a00000| Untracked 
|  74|0x0000000719c00000, 0x0000000719c00000, 0x0000000719e00000|  0%| F|  |TAMS 0x0000000719c00000, 0x0000000719c00000| Untracked 
|  75|0x0000000719e00000, 0x0000000719e00000, 0x000000071a000000|  0%| F|  |TAMS 0x0000000719e00000, 0x0000000719e00000| Untracked 
|  76|0x000000071a000000, 0x000000071a000000, 0x000000071a200000|  0%| F|  |TAMS 0x000000071a000000, 0x000000071a000000| Untracked 
|  77|0x000000071a200000, 0x000000071a200000, 0x000000071a400000|  0%| F|  |TAMS 0x000000071a200000, 0x000000071a200000| Untracked 
|  78|0x000000071a400000, 0x000000071a400000, 0x000000071a600000|  0%| F|  |TAMS 0x000000071a400000, 0x000000071a400000| Untracked 
|  79|0x000000071a600000, 0x000000071a600000, 0x000000071a800000|  0%| F|  |TAMS 0x000000071a600000, 0x000000071a600000| Untracked 
|  80|0x000000071a800000, 0x000000071a800000, 0x000000071aa00000|  0%| F|  |TAMS 0x000000071a800000, 0x000000071a800000| Untracked 
|  81|0x000000071aa00000, 0x000000071aa00000, 0x000000071ac00000|  0%| F|  |TAMS 0x000000071aa00000, 0x000000071aa00000| Untracked 
|  82|0x000000071ac00000, 0x000000071ac00000, 0x000000071ae00000|  0%| F|  |TAMS 0x000000071ac00000, 0x000000071ac00000| Untracked 
|  83|0x000000071ae00000, 0x000000071ae00000, 0x000000071b000000|  0%| F|  |TAMS 0x000000071ae00000, 0x000000071ae00000| Untracked 
|  84|0x000000071b000000, 0x000000071b000000, 0x000000071b200000|  0%| F|  |TAMS 0x000000071b000000, 0x000000071b000000| Untracked 
|  85|0x000000071b200000, 0x000000071b200000, 0x000000071b400000|  0%| F|  |TAMS 0x000000071b200000, 0x000000071b200000| Untracked 
|  86|0x000000071b400000, 0x000000071b400000, 0x000000071b600000|  0%| F|  |TAMS 0x000000071b400000, 0x000000071b400000| Untracked 
|  87|0x000000071b600000, 0x000000071b600000, 0x000000071b800000|  0%| F|  |TAMS 0x000000071b600000, 0x000000071b600000| Untracked 
|  88|0x000000071b800000, 0x000000071b800000, 0x000000071ba00000|  0%| F|  |TAMS 0x000000071b800000, 0x000000071b800000| Untracked 
|  89|0x000000071ba00000, 0x000000071ba00000, 0x000000071bc00000|  0%| F|  |TAMS 0x000000071ba00000, 0x000000071ba00000| Untracked 
|  90|0x000000071bc00000, 0x000000071bc00000, 0x000000071be00000|  0%| F|  |TAMS 0x000000071bc00000, 0x000000071bc00000| Untracked 
|  91|0x000000071be00000, 0x000000071be00000, 0x000000071c000000|  0%| F|  |TAMS 0x000000071be00000, 0x000000071be00000| Untracked 
|  92|0x000000071c000000, 0x000000071c000000, 0x000000071c200000|  0%| F|  |TAMS 0x000000071c000000, 0x000000071c000000| Untracked 
|  93|0x000000071c200000, 0x000000071c200000, 0x000000071c400000|  0%| F|  |TAMS 0x000000071c200000, 0x000000071c200000| Untracked 
|  94|0x000000071c400000, 0x000000071c400000, 0x000000071c600000|  0%| F|  |TAMS 0x000000071c400000, 0x000000071c400000| Untracked 
|  95|0x000000071c600000, 0x000000071c600000, 0x000000071c800000|  0%| F|  |TAMS 0x000000071c600000, 0x000000071c600000| Untracked 
|  96|0x000000071c800000, 0x000000071c800000, 0x000000071ca00000|  0%| F|  |TAMS 0x000000071c800000, 0x000000071c800000| Untracked 
|  97|0x000000071ca00000, 0x000000071ca00000, 0x000000071cc00000|  0%| F|  |TAMS 0x000000071ca00000, 0x000000071ca00000| Untracked 
|  98|0x000000071cc00000, 0x000000071cc00000, 0x000000071ce00000|  0%| F|  |TAMS 0x000000071cc00000, 0x000000071cc00000| Untracked 
|  99|0x000000071ce00000, 0x000000071ce00000, 0x000000071d000000|  0%| F|  |TAMS 0x000000071ce00000, 0x000000071ce00000| Untracked 
| 100|0x000000071d000000, 0x000000071d000000, 0x000000071d200000|  0%| F|  |TAMS 0x000000071d000000, 0x000000071d000000| Untracked 
| 101|0x000000071d200000, 0x000000071d200000, 0x000000071d400000|  0%| F|  |TAMS 0x000000071d200000, 0x000000071d200000| Untracked 
| 102|0x000000071d400000, 0x000000071d400000, 0x000000071d600000|  0%| F|  |TAMS 0x000000071d400000, 0x000000071d400000| Untracked 
| 103|0x000000071d600000, 0x000000071d600000, 0x000000071d800000|  0%| F|  |TAMS 0x000000071d600000, 0x000000071d600000| Untracked 
| 104|0x000000071d800000, 0x000000071d800000, 0x000000071da00000|  0%| F|  |TAMS 0x000000071d800000, 0x000000071d800000| Untracked 
| 105|0x000000071da00000, 0x000000071da00000, 0x000000071dc00000|  0%| F|  |TAMS 0x000000071da00000, 0x000000071da00000| Untracked 
| 106|0x000000071dc00000, 0x000000071dd00800, 0x000000071de00000| 50%| E|  |TAMS 0x000000071dc00000, 0x000000071dc00000| Complete 
| 107|0x000000071de00000, 0x000000071e000000, 0x000000071e000000|100%| E|CS|TAMS 0x000000071de00000, 0x000000071de00000| Complete 
| 108|0x000000071e000000, 0x000000071e200000, 0x000000071e200000|100%| E|CS|TAMS 0x000000071e000000, 0x000000071e000000| Complete 
| 109|0x000000071e200000, 0x000000071e280ca0, 0x000000071e400000| 25%| S|CS|TAMS 0x000000071e200000, 0x000000071e200000| Complete 
| 110|0x000000071e400000, 0x000000071e600000, 0x000000071e600000|100%| S|CS|TAMS 0x000000071e400000, 0x000000071e400000| Complete 
| 111|0x000000071e600000, 0x000000071e800000, 0x000000071e800000|100%| E|CS|TAMS 0x000000071e600000, 0x000000071e600000| Complete 
| 112|0x000000071e800000, 0x000000071ea00000, 0x000000071ea00000|100%| E|CS|TAMS 0x000000071e800000, 0x000000071e800000| Complete 
| 113|0x000000071ea00000, 0x000000071ec00000, 0x000000071ec00000|100%| E|CS|TAMS 0x000000071ea00000, 0x000000071ea00000| Complete 
| 114|0x000000071ec00000, 0x000000071ee00000, 0x000000071ee00000|100%| E|CS|TAMS 0x000000071ec00000, 0x000000071ec00000| Complete 
| 115|0x000000071ee00000, 0x000000071f000000, 0x000000071f000000|100%| E|CS|TAMS 0x000000071ee00000, 0x000000071ee00000| Complete 
| 116|0x000000071f000000, 0x000000071f200000, 0x000000071f200000|100%| E|CS|TAMS 0x000000071f000000, 0x000000071f000000| Complete 
| 117|0x000000071f200000, 0x000000071f400000, 0x000000071f400000|100%| E|CS|TAMS 0x000000071f200000, 0x000000071f200000| Complete 
| 118|0x000000071f400000, 0x000000071f600000, 0x000000071f600000|100%| E|CS|TAMS 0x000000071f400000, 0x000000071f400000| Complete 
| 119|0x000000071f600000, 0x000000071f800000, 0x000000071f800000|100%| E|CS|TAMS 0x000000071f600000, 0x000000071f600000| Complete 

Card table byte_map: [0x0000020cdcc70000,0x0000020cdd3f0000] _byte_map_base: 0x0000020cd93ec000

Marking Bits (Prev, Next): (CMBitMap*) 0x0000020cc9ea6320, (CMBitMap*) 0x0000020cc9ea6360
 Prev Bits: [0x0000020cddb70000, 0x0000020ce1750000)
 Next Bits: [0x0000020ce1750000, 0x0000020ce5330000)

Polling page: 0x0000020cc7c70000

Metaspace:

Usage:
  Non-class:     18.38 MB used.
      Class:      2.35 MB used.
       Both:     20.73 MB used.

Virtual space:
  Non-class space:       24.00 MB reserved,      18.44 MB ( 77%) committed,  3 nodes.
      Class space:        1.00 GB reserved,       2.44 MB ( <1%) committed,  1 nodes.
             Both:        1.02 GB reserved,      20.88 MB (  2%) committed. 

Chunk freelists:
   Non-Class:  1.48 MB
       Class:  1.59 MB
        Both:  3.08 MB

MaxMetaspaceSize: unlimited
CompressedClassSpaceSize: 1.00 GB
Initial GC threshold: 21.00 MB
Current GC threshold: 21.00 MB
CDS: off
MetaspaceReclaimPolicy: balanced
 - commit_granule_bytes: 65536.
 - commit_granule_words: 8192.
 - virtual_space_node_default_size: 1048576.
 - enlarge_chunks_in_place: 1.
 - new_chunks_are_fully_committed: 0.
 - uncommit_free_chunks: 1.
 - use_allocation_guard: 0.
 - handle_deallocations: 1.


Internal statistics:

num_allocs_failed_limit: 0.
num_arena_births: 158.
num_arena_deaths: 0.
num_vsnodes_births: 4.
num_vsnodes_deaths: 0.
num_space_committed: 334.
num_space_uncommitted: 0.
num_chunks_returned_to_freelist: 0.
num_chunks_taken_from_freelist: 596.
num_chunk_merges: 0.
num_chunk_splits: 364.
num_chunks_enlarged: 262.
num_purges: 0.
num_inconsistent_stats: 0.

CodeHeap 'non-profiled nmethods': size=120000Kb used=721Kb max_used=721Kb free=119278Kb
 bounds [0x0000020cd4fc0000, 0x0000020cd5230000, 0x0000020cdc4f0000]
CodeHeap 'profiled nmethods': size=120000Kb used=4173Kb max_used=4173Kb free=115826Kb
 bounds [0x0000020ccda90000, 0x0000020ccdeb0000, 0x0000020cd4fc0000]
CodeHeap 'non-nmethods': size=5760Kb used=1165Kb max_used=1187Kb free=4594Kb
 bounds [0x0000020ccd4f0000, 0x0000020ccd760000, 0x0000020ccda90000]
 total_blobs=2482 nmethods=2029 adapters=366
 compilation: enabled
              stopped_count=0, restarted_count=0
 full_count=0

Compilation events (20 events):
Event: 16.583 Thread 0x0000020ce849e5f0 2026       3       java.util.TreeMap::rotateRight (96 bytes)
Event: 16.584 Thread 0x0000020ce849e5f0 nmethod 2026 0x0000020ccdea0790 code [0x0000020ccdea0960, 0x0000020ccdea0ed8]
Event: 16.595 Thread 0x0000020ce986f450 nmethod 2022 0x0000020cd5072390 code [0x0000020cd5072540, 0x0000020cd50729f8]
Event: 16.595 Thread 0x0000020ce986f450 2024       4       java.lang.StringLatin1::compareToCI (108 bytes)
Event: 16.596 Thread 0x0000020ce849e5f0 2027   !   3       sun.nio.cs.ext.AbstractCharsetProvider::charset (75 bytes)
Event: 16.598 Thread 0x0000020ce849e5f0 nmethod 2027 0x0000020ccdea1010 code [0x0000020ccdea1240, 0x0000020ccdea1cc8]
Event: 16.621 Thread 0x0000020ce986f450 nmethod 2024 0x0000020cd5072e10 code [0x0000020cd5072fc0, 0x0000020cd5073438]
Event: 16.621 Thread 0x0000020ce986f450 2023       4       java.lang.String$CaseInsensitiveComparator::compare (13 bytes)
Event: 16.649 Thread 0x0000020ce986f450 nmethod 2023 0x0000020cd5073790 code [0x0000020cd5073940, 0x0000020cd5073e38]
Event: 16.649 Thread 0x0000020ce986f450 2028       4       jdk.internal.util.jar.JarIndex::get (49 bytes)
Event: 16.659 Thread 0x0000020ce849e5f0 2029       1       ch.qos.logback.classic.util.ContextSelectorStaticBinder::getContextSelector (5 bytes)
Event: 16.659 Thread 0x0000020ce849e5f0 nmethod 2029 0x0000020cd5074310 code [0x0000020cd50744a0, 0x0000020cd5074578]
Event: 16.683 Thread 0x0000020ce849e5f0 2030       3       java.lang.invoke.LambdaFormEditor$TransformKey::bval (26 bytes)
Event: 16.684 Thread 0x0000020ce849e5f0 nmethod 2030 0x0000020ccdea2190 code [0x0000020ccdea2320, 0x0000020ccdea2418]
Event: 16.693 Thread 0x0000020ce849e5f0 2031       3       jdk.internal.reflect.ReflectionFactory::copyConstructor (11 bytes)
Event: 16.694 Thread 0x0000020ce849e5f0 nmethod 2031 0x0000020ccdea2490 code [0x0000020ccdea2640, 0x0000020ccdea2848]
Event: 16.694 Thread 0x0000020ce849e5f0 2032       3       java.lang.reflect.ReflectAccess::copyConstructor (5 bytes)
Event: 16.695 Thread 0x0000020ce849e5f0 nmethod 2032 0x0000020ccdea2990 code [0x0000020ccdea2b40, 0x0000020ccdea2c88]
Event: 16.695 Thread 0x0000020ce849e5f0 2033       3       java.lang.reflect.Constructor::copy (72 bytes)
Event: 16.696 Thread 0x0000020ce849e5f0 nmethod 2033 0x0000020ccdea2d90 code [0x0000020ccdea2f60, 0x0000020ccdea3358]

GC Heap History (6 events):
Event: 5.508 GC heap before
{Heap before GC invocations=0 (full 0):
 garbage-first heap   total 245760K, used 10240K [0x0000000710800000, 0x0000000800000000)
  region size 2048K, 6 young (12288K), 0 survivors (0K)
 Metaspace       used 7253K, committed 7424K, reserved 1056768K
  class space    used 621K, committed 704K, reserved 1048576K
}
Event: 5.528 GC heap after
{Heap after GC invocations=1 (full 0):
 garbage-first heap   total 245760K, used 7710K [0x0000000710800000, 0x0000000800000000)
  region size 2048K, 1 young (2048K), 1 survivors (2048K)
 Metaspace       used 7253K, committed 7424K, reserved 1056768K
  class space    used 621K, committed 704K, reserved 1048576K
}
Event: 9.093 GC heap before
{Heap before GC invocations=1 (full 0):
 garbage-first heap   total 245760K, used 17950K [0x0000000710800000, 0x0000000800000000)
  region size 2048K, 6 young (12288K), 1 survivors (2048K)
 Metaspace       used 11081K, committed 11264K, reserved 1064960K
  class space    used 1121K, committed 1216K, reserved 1048576K
}
Event: 9.106 GC heap after
{Heap after GC invocations=2 (full 0):
 garbage-first heap   total 245760K, used 8580K [0x0000000710800000, 0x0000000800000000)
  region size 2048K, 1 young (2048K), 1 survivors (2048K)
 Metaspace       used 11081K, committed 11264K, reserved 1064960K
  class space    used 1121K, committed 1216K, reserved 1048576K
}
Event: 12.064 GC heap before
{Heap before GC invocations=2 (full 0):
 garbage-first heap   total 245760K, used 24964K [0x0000000710800000, 0x0000000800000000)
  region size 2048K, 9 young (18432K), 1 survivors (2048K)
 Metaspace       used 16124K, committed 16320K, reserved 1064960K
  class space    used 1714K, committed 1792K, reserved 1048576K
}
Event: 12.076 GC heap after
{Heap after GC invocations=3 (full 0):
 garbage-first heap   total 245760K, used 10349K [0x0000000710800000, 0x0000000800000000)
  region size 2048K, 2 young (4096K), 2 survivors (4096K)
 Metaspace       used 16124K, committed 16320K, reserved 1064960K
  class space    used 1714K, committed 1792K, reserved 1048576K
}

Deoptimization events (20 events):
Event: 15.045 Thread 0x0000020cc9e55620 DEOPT PACKING pc=0x0000020cd50429ac sp=0x00000082be9fba80
Event: 15.045 Thread 0x0000020cc9e55620 DEOPT UNPACKING pc=0x0000020ccd5423a3 sp=0x00000082be9fba10 mode 2
Event: 15.580 Thread 0x0000020cc9e55620 Uncommon trap: trap_request=0xffffff45 fr.pc=0x0000020cd5052354 relative=0x0000000000002614
Event: 15.580 Thread 0x0000020cc9e55620 Uncommon trap: reason=unstable_if action=reinterpret pc=0x0000020cd5052354 method=java.net.URLStreamHandler.parseURL(Ljava/net/URL;Ljava/lang/String;II)V @ 725 c2
Event: 15.581 Thread 0x0000020cc9e55620 DEOPT PACKING pc=0x0000020cd5052354 sp=0x00000082be9fbb00
Event: 15.581 Thread 0x0000020cc9e55620 DEOPT UNPACKING pc=0x0000020ccd5423a3 sp=0x00000082be9fba98 mode 2
Event: 15.844 Thread 0x0000020cc9e55620 Uncommon trap: trap_request=0xffffff45 fr.pc=0x0000020cd50208c4 relative=0x0000000000000da4
Event: 15.844 Thread 0x0000020cc9e55620 Uncommon trap: reason=unstable_if action=reinterpret pc=0x0000020cd50208c4 method=java.util.concurrent.ConcurrentHashMap.putVal(Ljava/lang/Object;Ljava/lang/Object;Z)Ljava/lang/Object; @ 148 c2
Event: 15.844 Thread 0x0000020cc9e55620 DEOPT PACKING pc=0x0000020cd50208c4 sp=0x00000082be9fc050
Event: 15.844 Thread 0x0000020cc9e55620 DEOPT UNPACKING pc=0x0000020ccd5423a3 sp=0x00000082be9fbfc0 mode 2
Event: 16.210 Thread 0x0000020cc9e55620 DEOPT PACKING pc=0x0000020ccddc5198 sp=0x00000082be9fad10
Event: 16.210 Thread 0x0000020cc9e55620 DEOPT UNPACKING pc=0x0000020ccd542b43 sp=0x00000082be9fa218 mode 0
Event: 16.438 Thread 0x0000020cc9e55620 Uncommon trap: trap_request=0xffffff45 fr.pc=0x0000020cd5047ddc relative=0x000000000000133c
Event: 16.438 Thread 0x0000020cc9e55620 Uncommon trap: reason=unstable_if action=reinterpret pc=0x0000020cd5047ddc method=java.net.URL.<init>(Ljava/net/URL;Ljava/lang/String;Ljava/net/URLStreamHandler;)V @ 347 c2
Event: 16.438 Thread 0x0000020cc9e55620 DEOPT PACKING pc=0x0000020cd5047ddc sp=0x00000082be9fc9a0
Event: 16.438 Thread 0x0000020cc9e55620 DEOPT UNPACKING pc=0x0000020ccd5423a3 sp=0x00000082be9fc920 mode 2
Event: 16.446 Thread 0x0000020cc9e55620 Uncommon trap: trap_request=0xffffff45 fr.pc=0x0000020cd5012318 relative=0x0000000000000278
Event: 16.446 Thread 0x0000020cc9e55620 Uncommon trap: reason=unstable_if action=reinterpret pc=0x0000020cd5012318 method=java.util.concurrent.ConcurrentHashMap.get(Ljava/lang/Object;)Ljava/lang/Object; @ 86 c2
Event: 16.446 Thread 0x0000020cc9e55620 DEOPT PACKING pc=0x0000020cd5012318 sp=0x00000082be9f9f70
Event: 16.446 Thread 0x0000020cc9e55620 DEOPT UNPACKING pc=0x0000020ccd5423a3 sp=0x00000082be9f9ed8 mode 2

Classes unloaded (0 events):
No events

Classes redefined (0 events):
No events

Internal exceptions (20 events):
Event: 10.588 Thread 0x0000020cc9e55620 Exception <a 'java/lang/NoSuchMethodError'{0x000000071f136980}: 'int java.lang.invoke.DirectMethodHandle$Holder.invokeStaticInit(java.lang.Object, java.lang.Object, java.lang.Object)'> (0x000000071f136980) 
thrown [e:\jenkins\tmp\workspace\build\src\src\hotspot\share\interpreter\linkResolver.cpp, line 766]
Event: 10.724 Thread 0x0000020cc9e55620 Exception <a 'java/lang/NoSuchMethodError'{0x000000071ee3cef8}: 'int java.lang.invoke.DirectMethodHandle$Holder.invokeInterface(java.lang.Object, java.lang.Object)'> (0x000000071ee3cef8) 
thrown [e:\jenkins\tmp\workspace\build\src\src\hotspot\share\interpreter\linkResolver.cpp, line 766]
Event: 11.672 Thread 0x0000020cc9e55620 Exception <a 'java/lang/NoSuchMethodError'{0x000000071e96d108}: 'void java.lang.invoke.DirectMethodHandle$Holder.invokeVirtual(java.lang.Object, java.lang.Object, java.lang.Object, java.lang.Object)'> (0x000000071e96d108) 
thrown [e:\jenkins\tmp\workspace\build\src\src\hotspot\share\interpreter\linkResolver.cpp, line 766]
Event: 12.428 Thread 0x0000020cc9e55620 Exception <a 'java/lang/NoSuchMethodError'{0x000000071f448238}: 'java.lang.Object java.lang.invoke.DirectMethodHandle$Holder.newInvokeSpecial(java.lang.Object, java.lang.Object, java.lang.Object, java.lang.Object, java.lang.Object, java.lang.Object)'> (0x000000071f448238) 
thrown [e:\jenkins\tmp\workspace\build\src\src\hotspot\share\interpreter\linkResolver.cpp, line 766]
Event: 12.878 Thread 0x0000020cc9e55620 Exception <a 'java/lang/NoSuchMethodError'{0x000000071f3b74d8}: 'java.lang.Object java.lang.invoke.DirectMethodHandle$Holder.newInvokeSpecial(java.lang.Object, java.lang.Object, java.lang.Object, java.lang.Object, java.lang.Object, java.lang.Object, java.lang.Object)'> (0x000000071f3b74d8) 
thrown [e:\jenkins\tmp\workspace\build\src\src\hotspot\share\interpreter\linkResolver.cpp, line 766]
Event: 12.907 Thread 0x0000020cc9e55620 Exception <a 'java/lang/NoSuchMethodError'{0x000000071f3bc090}: 'java.lang.Object java.lang.invoke.Invokers$Holder.linkToTargetMethod(java.lang.Object, java.lang.Object, java.lang.Object, java.lang.Object, java.lang.Object, java.lang.Object, java.lang.Object)'> (0x000000071f3bc090) 
thrown [e:\jenkins\tmp\workspace\build\src\src\hotspot\share\interpreter\linkResolver.cpp, line 766]
Event: 12.932 Thread 0x0000020cc9e55620 Exception <a 'java/lang/NoSuchMethodError'{0x000000071f3c25d8}: 'java.lang.Object java.lang.invoke.DirectMethodHandle$Holder.invokeInterface(java.lang.Object, java.lang.Object, java.lang.Object, java.lang.Object, java.lang.Object)'> (0x000000071f3c25d8) 
thrown [e:\jenkins\tmp\workspace\build\src\src\hotspot\share\interpreter\linkResolver.cpp, line 766]
Event: 12.934 Thread 0x0000020cc9e55620 Exception <a 'java/lang/IncompatibleClassChangeError'{0x000000071f3c63d0}: Found class java.lang.Object, but interface was expected> (0x000000071f3c63d0) 
thrown [e:\jenkins\tmp\workspace\build\src\src\hotspot\share\interpreter\linkResolver.cpp, line 833]
Event: 14.107 Thread 0x0000020cc9e55620 Exception <a 'sun/nio/fs/WindowsException'{0x000000071ec44c40}> (0x000000071ec44c40) 
thrown [e:\jenkins\tmp\workspace\build\src\src\hotspot\share\prims\jni.cpp, line 516]
Event: 14.278 Thread 0x0000020cc9e55620 Exception <a 'java/lang/IncompatibleClassChangeError'{0x000000071ec97b20}: Found class java.lang.Object, but interface was expected> (0x000000071ec97b20) 
thrown [e:\jenkins\tmp\workspace\build\src\src\hotspot\share\interpreter\linkResolver.cpp, line 833]
Event: 14.509 Thread 0x0000020cc9e55620 Exception <a 'java/lang/NoSuchMethodError'{0x000000071ed6c618}: 'int java.lang.invoke.DirectMethodHandle$Holder.invokeSpecial(java.lang.Object, java.lang.Object, java.lang.Object, java.lang.Object)'> (0x000000071ed6c618) 
thrown [e:\jenkins\tmp\workspace\build\src\src\hotspot\share\interpreter\linkResolver.cpp, line 766]
Event: 14.616 Thread 0x0000020cc9e55620 Exception <a 'java/lang/NoSuchMethodError'{0x000000071ea22ec0}: 'void java.lang.invoke.DirectMethodHandle$Holder.invokeStatic(java.lang.Object, java.lang.Object, java.lang.Object, java.lang.Object, java.lang.Object, java.lang.Object)'> (0x000000071ea22ec0) 
thrown [e:\jenkins\tmp\workspace\build\src\src\hotspot\share\interpreter\linkResolver.cpp, line 766]
Event: 14.675 Thread 0x0000020cc9e55620 Exception <a 'java/lang/NoSuchMethodError'{0x000000071ea95db8}: 'java.lang.Object java.lang.invoke.DirectMethodHandle$Holder.newInvokeSpecial(java.lang.Object, java.lang.Object, java.lang.Object, java.lang.Object, java.lang.Object, java.lang.Object, int)'> (0x000000071ea95db8) 
thrown [e:\jenkins\tmp\workspace\build\src\src\hotspot\share\interpreter\linkResolver.cpp, line 766]
Event: 15.229 Thread 0x0000020cc9e55620 Exception <a 'java/lang/NoSuchMethodError'{0x000000071e8d03e0}: 'java.lang.Object java.lang.invoke.DirectMethodHandle$Holder.invokeSpecial(java.lang.Object, java.lang.Object, java.lang.Object, int, java.lang.Object)'> (0x000000071e8d03e0) 
thrown [e:\jenkins\tmp\workspace\build\src\src\hotspot\share\interpreter\linkResolver.cpp, line 766]
Event: 15.232 Thread 0x0000020cc9e55620 Exception <a 'java/lang/NoSuchMethodError'{0x000000071e8d8ea0}: 'java.lang.Object java.lang.invoke.DirectMethodHandle$Holder.newInvokeSpecial(java.lang.Object, java.lang.Object, java.lang.Object, int, java.lang.Object)'> (0x000000071e8d8ea0) 
thrown [e:\jenkins\tmp\workspace\build\src\src\hotspot\share\interpreter\linkResolver.cpp, line 766]
Event: 15.258 Thread 0x0000020cc9e55620 Exception <a 'java/lang/NoSuchMethodError'{0x000000071e8f0b10}: 'java.lang.Object java.lang.invoke.DirectMethodHandle$Holder.newInvokeSpecial(java.lang.Object, int, java.lang.Object)'> (0x000000071e8f0b10) 
thrown [e:\jenkins\tmp\workspace\build\src\src\hotspot\share\interpreter\linkResolver.cpp, line 766]
Event: 15.580 Thread 0x0000020cc9e55620 Implicit null exception at 0x0000020cd504ff39 to 0x0000020cd505233c
Event: 15.705 Thread 0x0000020cc9e55620 Exception <a 'java/lang/NoSuchMethodError'{0x000000071e714618}: 'void java.lang.invoke.DirectMethodHandle$Holder.invokeStaticInit(java.lang.Object, java.lang.Object)'> (0x000000071e714618) 
thrown [e:\jenkins\tmp\workspace\build\src\src\hotspot\share\interpreter\linkResolver.cpp, line 766]
Event: 16.429 Thread 0x0000020ce9353820 Exception <a 'java/lang/NoClassDefFoundError'{0x000000071de19df8}: javax/validation/Validation> (0x000000071de19df8) 
thrown [e:\jenkins\tmp\workspace\build\src\src\hotspot\share\classfile\systemDictionary.cpp, line 245]
Event: 16.721 Thread 0x0000020ce9353820 Exception <a 'java/lang/NoSuchMethodError'{0x000000071dfe9958}: 'java.lang.Object java.lang.invoke.DirectMethodHandle$Holder.invokeStaticInit(java.lang.Object, java.lang.Object, java.lang.Object, java.lang.Object, java.lang.Object)'> (0x000000071dfe9958) 
thrown [e:\jenkins\tmp\workspace\build\src\src\hotspot\share\interpreter\linkResolver.cpp, line 766]

VM Operations (20 events):
Event: 10.494 Executing VM operation: HandshakeAllThreads
Event: 10.494 Executing VM operation: HandshakeAllThreads done
Event: 11.507 Executing VM operation: Cleanup
Event: 11.507 Executing VM operation: Cleanup done
Event: 12.063 Executing VM operation: G1CollectForAllocation
Event: 12.076 Executing VM operation: G1CollectForAllocation done
Event: 12.964 Executing VM operation: HandshakeAllThreads
Event: 12.964 Executing VM operation: HandshakeAllThreads done
Event: 13.971 Executing VM operation: Cleanup
Event: 13.971 Executing VM operation: Cleanup done
Event: 14.116 Executing VM operation: HandshakeAllThreads
Event: 14.116 Executing VM operation: HandshakeAllThreads done
Event: 15.128 Executing VM operation: Cleanup
Event: 15.128 Executing VM operation: Cleanup done
Event: 15.129 Executing VM operation: HandshakeAllThreads
Event: 15.129 Executing VM operation: HandshakeAllThreads done
Event: 15.402 Executing VM operation: HandshakeAllThreads
Event: 15.402 Executing VM operation: HandshakeAllThreads done
Event: 16.405 Executing VM operation: Cleanup
Event: 16.428 Executing VM operation: Cleanup done

Events (20 events):
Event: 16.708 loading class javax/xml/transform/TransformerException
Event: 16.709 loading class javax/xml/transform/TransformerException done
Event: 16.711 loading class javax/xml/transform/Result
Event: 16.711 loading class javax/xml/transform/Result done
Event: 16.712 loading class javax/xml/transform/Source
Event: 16.712 loading class javax/xml/transform/Source done
Event: 16.712 loading class javax/xml/parsers/ParserConfigurationException
Event: 16.712 loading class javax/xml/parsers/ParserConfigurationException done
Event: 16.712 loading class org/xml/sax/SAXException
Event: 16.713 loading class org/xml/sax/SAXException done
Event: 16.713 loading class org/w3c/dom/Node
Event: 16.715 loading class org/w3c/dom/Node done
Event: 16.715 loading class javax/xml/stream/XMLStreamException
Event: 16.716 loading class javax/xml/stream/XMLStreamException done
Event: 16.717 loading class org/xml/sax/EntityResolver
Event: 16.717 loading class org/xml/sax/EntityResolver done
Event: 16.717 loading class sun/invoke/util/VerifyAccess$1
Event: 16.717 loading class sun/invoke/util/VerifyAccess$1 done
Event: 16.719 loading class javax/xml/stream/XMLResolver
Event: 16.719 loading class javax/xml/stream/XMLResolver done


Dynamic libraries:
0x00007ff686f00000 - 0x00007ff686f0e000 	D:\Office_Software\ECLIPSE J2EE\eclipse-jee-2021-12-R-win32-x86_64\eclipse\plugins\org.eclipse.justj.openjdk.hotspot.jre.full.win32.x86_64_17.0.1.v20211116-1657\jre\bin\javaw.exe
0x00007ffb96490000 - 0x00007ffb96688000 	C:\WINDOWS\SYSTEM32\ntdll.dll
0x00007ffb945c0000 - 0x00007ffb9467f000 	C:\WINDOWS\System32\KERNEL32.DLL
0x00007ffb93f80000 - 0x00007ffb94252000 	C:\WINDOWS\System32\KERNELBASE.dll
0x00007ffb93b30000 - 0x00007ffb93c30000 	C:\WINDOWS\System32\ucrtbase.dll
0x00007ffb8c530000 - 0x00007ffb8c548000 	D:\Office_Software\ECLIPSE J2EE\eclipse-jee-2021-12-R-win32-x86_64\eclipse\plugins\org.eclipse.justj.openjdk.hotspot.jre.full.win32.x86_64_17.0.1.v20211116-1657\jre\bin\jli.dll
0x00007ffb94770000 - 0x00007ffb94911000 	C:\WINDOWS\System32\USER32.dll
0x00007ffb94260000 - 0x00007ffb94282000 	C:\WINDOWS\System32\win32u.dll
0x00007ffb94f80000 - 0x00007ffb94fab000 	C:\WINDOWS\System32\GDI32.dll
0x00007ffb94370000 - 0x00007ffb9447f000 	C:\WINDOWS\System32\gdi32full.dll
0x00007ffb93e20000 - 0x00007ffb93ebd000 	C:\WINDOWS\System32\msvcp_win.dll
0x00007ffb89300000 - 0x00007ffb89319000 	D:\Office_Software\ECLIPSE J2EE\eclipse-jee-2021-12-R-win32-x86_64\eclipse\plugins\org.eclipse.justj.openjdk.hotspot.jre.full.win32.x86_64_17.0.1.v20211116-1657\jre\bin\VCRUNTIME140.dll
0x00007ffb81920000 - 0x00007ffb81bba000 	C:\WINDOWS\WinSxS\amd64_microsoft.windows.common-controls_6595b64144ccf1df_6.0.19041.1110_none_60b5254171f9507e\COMCTL32.dll
0x00007ffb95600000 - 0x00007ffb9569e000 	C:\WINDOWS\System32\msvcrt.dll
0x00007ffb956a0000 - 0x00007ffb956d2000 	C:\WINDOWS\System32\IMM32.DLL
0x00007ffb8e3f0000 - 0x00007ffb8e3fc000 	D:\Office_Software\ECLIPSE J2EE\eclipse-jee-2021-12-R-win32-x86_64\eclipse\plugins\org.eclipse.justj.openjdk.hotspot.jre.full.win32.x86_64_17.0.1.v20211116-1657\jre\bin\vcruntime140_1.dll
0x00007ffb6fb50000 - 0x00007ffb6fbe1000 	D:\Office_Software\ECLIPSE J2EE\eclipse-jee-2021-12-R-win32-x86_64\eclipse\plugins\org.eclipse.justj.openjdk.hotspot.jre.full.win32.x86_64_17.0.1.v20211116-1657\jre\bin\msvcp140.dll
0x00007ffb63e10000 - 0x00007ffb64a56000 	D:\Office_Software\ECLIPSE J2EE\eclipse-jee-2021-12-R-win32-x86_64\eclipse\plugins\org.eclipse.justj.openjdk.hotspot.jre.full.win32.x86_64_17.0.1.v20211116-1657\jre\bin\server\jvm.dll
0x00007ffb95f00000 - 0x00007ffb95fae000 	C:\WINDOWS\System32\ADVAPI32.dll
0x00007ffb94920000 - 0x00007ffb949bc000 	C:\WINDOWS\System32\sechost.dll
0x00007ffb94490000 - 0x00007ffb945b5000 	C:\WINDOWS\System32\RPCRT4.dll
0x00007ffb94760000 - 0x00007ffb94769000 	C:\WINDOWS\System32\WSOCK32.dll
0x00007ffb960e0000 - 0x00007ffb9614b000 	C:\WINDOWS\System32\WS2_32.dll
0x00007ffb95290000 - 0x00007ffb9529a000 	C:\WINDOWS\System32\VERSION.dll
0x00007ffb87bb0000 - 0x00007ffb87bd7000 	C:\WINDOWS\SYSTEM32\WINMM.dll
0x00007ffb96010000 - 0x00007ffb96018000 	C:\WINDOWS\System32\PSAPI.DLL
0x00007ffb91910000 - 0x00007ffb91922000 	C:\WINDOWS\SYSTEM32\kernel.appcore.dll
0x00007ffb8f7f0000 - 0x00007ffb8f7fa000 	D:\Office_Software\ECLIPSE J2EE\eclipse-jee-2021-12-R-win32-x86_64\eclipse\plugins\org.eclipse.justj.openjdk.hotspot.jre.full.win32.x86_64_17.0.1.v20211116-1657\jre\bin\jimage.dll
0x00007ffb8a440000 - 0x00007ffb8a624000 	C:\WINDOWS\SYSTEM32\DBGHELP.DLL
0x00007ffb8a400000 - 0x00007ffb8a435000 	C:\WINDOWS\SYSTEM32\dbgcore.DLL
0x00007ffb93d90000 - 0x00007ffb93e12000 	C:\WINDOWS\System32\bcryptPrimitives.dll
0x00007ffb8caa0000 - 0x00007ffb8cac5000 	D:\Office_Software\ECLIPSE J2EE\eclipse-jee-2021-12-R-win32-x86_64\eclipse\plugins\org.eclipse.justj.openjdk.hotspot.jre.full.win32.x86_64_17.0.1.v20211116-1657\jre\bin\java.dll
0x00007ffb8d4c0000 - 0x00007ffb8d4d8000 	D:\Office_Software\ECLIPSE J2EE\eclipse-jee-2021-12-R-win32-x86_64\eclipse\plugins\org.eclipse.justj.openjdk.hotspot.jre.full.win32.x86_64_17.0.1.v20211116-1657\jre\bin\zip.dll
0x00007ffb95750000 - 0x00007ffb95e94000 	C:\WINDOWS\System32\SHELL32.dll
0x00007ffb91bf0000 - 0x00007ffb92382000 	C:\WINDOWS\SYSTEM32\windows.storage.dll
0x00007ffb952a0000 - 0x00007ffb955f5000 	C:\WINDOWS\System32\combase.dll
0x00007ffb934b0000 - 0x00007ffb934e0000 	C:\WINDOWS\SYSTEM32\Wldp.dll
0x00007ffb95030000 - 0x00007ffb950dd000 	C:\WINDOWS\System32\SHCORE.dll
0x00007ffb95ea0000 - 0x00007ffb95ef5000 	C:\WINDOWS\System32\shlwapi.dll
0x00007ffb93a70000 - 0x00007ffb93a8f000 	C:\WINDOWS\SYSTEM32\profapi.dll
0x00007ffb8ca70000 - 0x00007ffb8ca89000 	D:\Office_Software\ECLIPSE J2EE\eclipse-jee-2021-12-R-win32-x86_64\eclipse\plugins\org.eclipse.justj.openjdk.hotspot.jre.full.win32.x86_64_17.0.1.v20211116-1657\jre\bin\net.dll
0x00007ffb8d710000 - 0x00007ffb8d81c000 	C:\WINDOWS\SYSTEM32\WINHTTP.dll
0x00007ffb93210000 - 0x00007ffb9327a000 	C:\WINDOWS\system32\mswsock.dll
0x00007ffb8c7d0000 - 0x00007ffb8c7e5000 	D:\Office_Software\ECLIPSE J2EE\eclipse-jee-2021-12-R-win32-x86_64\eclipse\plugins\org.eclipse.justj.openjdk.hotspot.jre.full.win32.x86_64_17.0.1.v20211116-1657\jre\bin\nio.dll
0x00007ffb92f00000 - 0x00007ffb92f3b000 	C:\WINDOWS\SYSTEM32\IPHLPAPI.DLL
0x00007ffb956e0000 - 0x00007ffb956e8000 	C:\WINDOWS\System32\NSI.dll
0x00007ffb8ad70000 - 0x00007ffb8ad87000 	C:\WINDOWS\SYSTEM32\dhcpcsvc6.DLL
0x00007ffb8ae70000 - 0x00007ffb8ae8d000 	C:\WINDOWS\SYSTEM32\dhcpcsvc.DLL
0x00007ffb92f40000 - 0x00007ffb9300a000 	C:\WINDOWS\SYSTEM32\DNSAPI.dll
0x00007ffb8f540000 - 0x00007ffb8f550000 	D:\Office_Software\ECLIPSE J2EE\eclipse-jee-2021-12-R-win32-x86_64\eclipse\plugins\org.eclipse.justj.openjdk.hotspot.jre.full.win32.x86_64_17.0.1.v20211116-1657\jre\bin\verify.dll
0x00007ffb8f7d0000 - 0x00007ffb8f7d9000 	D:\Office_Software\ECLIPSE J2EE\eclipse-jee-2021-12-R-win32-x86_64\eclipse\plugins\org.eclipse.justj.openjdk.hotspot.jre.full.win32.x86_64_17.0.1.v20211116-1657\jre\bin\management.dll
0x00007ffb8efb0000 - 0x00007ffb8efbb000 	D:\Office_Software\ECLIPSE J2EE\eclipse-jee-2021-12-R-win32-x86_64\eclipse\plugins\org.eclipse.justj.openjdk.hotspot.jre.full.win32.x86_64_17.0.1.v20211116-1657\jre\bin\management_ext.dll
0x00007ffb80900000 - 0x00007ffb80917000 	C:\WINDOWS\system32\napinsp.dll
0x00007ffb80930000 - 0x00007ffb8094b000 	C:\WINDOWS\system32\pnrpnsp.dll
0x00007ffb8e4c0000 - 0x00007ffb8e4d5000 	C:\WINDOWS\system32\wshbth.dll
0x00007ffb8c170000 - 0x00007ffb8c18d000 	C:\WINDOWS\system32\NLAapi.dll
0x00007ffb80a00000 - 0x00007ffb80a12000 	C:\WINDOWS\System32\winrnr.dll
0x00007ffb894a0000 - 0x00007ffb894aa000 	C:\Windows\System32\rasadhlp.dll
0x00007ffb86050000 - 0x00007ffb860d0000 	C:\WINDOWS\System32\fwpuclnt.dll
0x00007ffb94290000 - 0x00007ffb942b7000 	C:\WINDOWS\System32\bcrypt.dll

dbghelp: loaded successfully - version: 4.0.5 - missing functions: none
symbol engine: initialized successfully - sym options: 0x614 - pdb path: .;D:\Office_Software\ECLIPSE J2EE\eclipse-jee-2021-12-R-win32-x86_64\eclipse\plugins\org.eclipse.justj.openjdk.hotspot.jre.full.win32.x86_64_17.0.1.v20211116-1657\jre\bin;C:\WINDOWS\SYSTEM32;C:\WINDOWS\WinSxS\amd64_microsoft.windows.common-controls_6595b64144ccf1df_6.0.19041.1110_none_60b5254171f9507e;D:\Office_Software\ECLIPSE J2EE\eclipse-jee-2021-12-R-win32-x86_64\eclipse\plugins\org.eclipse.justj.openjdk.hotspot.jre.full.win32.x86_64_17.0.1.v20211116-1657\jre\bin\server

VM Arguments:
jvm_args: -ea -Dfile.encoding=UTF-8 -XX:+ShowCodeDetailsInExceptionMessages 
java_command: org.eclipse.jdt.internal.junit.runner.RemoteTestRunner -version 3 -port 53735 -testLoaderClass org.eclipse.jdt.internal.junit5.runner.JUnit5TestLoader -loaderpluginname org.eclipse.jdt.junit5.runtime -test org.srn.web.Recruiter.RecruiterApplicationTests:addPankajProfile -uniqueId [engine:junit-jupiter]/[class:org.srn.web.Recruiter.RecruiterApplicationTests]/[method:addPankajProfile()]
java_class_path (initial): F:\Srn project\Recruiter update\Project\Recruiter\target\test-classes;F:\Srn project\Recruiter update\Project\Recruiter\target\classes;C:\Users\user\.m2\repository\org\apache\poi\poi-ooxml\5.2.2\poi-ooxml-5.2.2.jar;C:\Users\user\.m2\repository\org\apache\poi\poi\5.2.2\poi-5.2.2.jar;C:\Users\user\.m2\repository\org\apache\commons\commons-math3\3.6.1\commons-math3-3.6.1.jar;C:\Users\user\.m2\repository\com\zaxxer\SparseBitSet\1.2\SparseBitSet-1.2.jar;C:\Users\user\.m2\repository\org\apache\poi\poi-ooxml-lite\5.2.2\poi-ooxml-lite-5.2.2.jar;C:\Users\user\.m2\repository\org\apache\xmlbeans\xmlbeans\5.0.3\xmlbeans-5.0.3.jar;C:\Users\user\.m2\repository\org\apache\commons\commons-compress\1.21\commons-compress-1.21.jar;C:\Users\user\.m2\repository\commons-io\commons-io\2.11.0\commons-io-2.11.0.jar;C:\Users\user\.m2\repository\com\github\virtuald\curvesapi\1.07\curvesapi-1.07.jar;C:\Users\user\.m2\repository\org\apache\logging\log4j\log4j-api\2.17.2\log4j-api-2.17.2.jar;C:\Users\user\.m2\repository\org\apache\commons\commons-collections4\4.4\commons-collections4-4.4.jar;C:\Users\user\.m2\repository\org\mockito\mockito-core\4.0.0\mockito-core-4.0.0.jar;C:\Users\user\.m2\repository\net\bytebuddy\byte-buddy\1.11.22\byte-buddy-1.11.22.jar;C:\Users\user\.m2\repository\net\bytebuddy\byte-buddy-agent\1.11.22\byte-buddy-agent-1.11.22.jar;C:\Users\user\.m2\repository\org\objenesis\objenesis\3.2\objenesis-3.2.jar;C:\Users\user\.m2\repository\org\assertj\assertj-core\3.21.0\assertj-core-3.21.0.jar;C:\Users\user\.m2\repository\org\springframework\boot\spring-boot-starter-data-jpa\2.6.6\spring-boot-starter-data-jpa-2.6.6.jar;C:\Users\user\.m2\repository\org\springframework\boot\spring-boot-starter-aop\2.6.6\spring-boot-starter-aop-2.6.6.jar;C:\Users\user\.m2\repository\org\springframework\spring-aop\5.3.18\spring-aop-5.3.18.jar;C:\Users\user\.m2\repository\org\aspectj\aspectjweaver\1.9.7\aspectjweaver-1.9.7.jar;C:\Users\user\.m2\repository\jakarta\transactio
Launcher Type: SUN_STANDARD

[Global flags]
     intx CICompilerCount                          = 3                                         {product} {ergonomic}
     uint ConcGCThreads                            = 1                                         {product} {ergonomic}
     uint G1ConcRefinementThreads                  = 4                                         {product} {ergonomic}
   size_t G1HeapRegionSize                         = 2097152                                   {product} {ergonomic}
    uintx GCDrainStackTargetSize                   = 64                                        {product} {ergonomic}
   size_t InitialHeapSize                          = 251658240                                 {product} {ergonomic}
   size_t MarkStackSize                            = 4194304                                   {product} {ergonomic}
   size_t MaxHeapSize                              = 4018143232                                {product} {ergonomic}
   size_t MaxNewSize                               = 2409627648                                {product} {ergonomic}
   size_t MinHeapDeltaBytes                        = 2097152                                   {product} {ergonomic}
   size_t MinHeapSize                              = 8388608                                   {product} {ergonomic}
    uintx NonNMethodCodeHeapSize                   = 5832780                                {pd product} {ergonomic}
    uintx NonProfiledCodeHeapSize                  = 122912730                              {pd product} {ergonomic}
    uintx ProfiledCodeHeapSize                     = 122912730                              {pd product} {ergonomic}
    uintx ReservedCodeCacheSize                    = 251658240                              {pd product} {ergonomic}
     bool SegmentedCodeCache                       = true                                      {product} {ergonomic}
     bool ShowCodeDetailsInExceptionMessages       = true                                   {manageable} {command line}
   size_t SoftMaxHeapSize                          = 4018143232                             {manageable} {ergonomic}
     bool UseCompressedClassPointers               = true                           {product lp64_product} {ergonomic}
     bool UseCompressedOops                        = true                           {product lp64_product} {ergonomic}
     bool UseG1GC                                  = true                                      {product} {ergonomic}
     bool UseLargePagesIndividualAllocation        = false                                  {pd product} {ergonomic}

Logging:
Log output configuration:
 #0: stdout all=warning uptime,level,tags
 #1: stderr all=off uptime,level,tags

Environment Variables:
JAVA_HOME=C:\Program Files\Java\jre1.8.0_202
PATH=D:/Office_Software/ECLIPSE J2EE/eclipse-jee-2021-12-R-win32-x86_64/eclipse//plugins/org.eclipse.justj.openjdk.hotspot.jre.full.win32.x86_64_17.0.1.v20211116-1657/jre/bin/server;D:/Office_Software/ECLIPSE J2EE/eclipse-jee-2021-12-R-win32-x86_64/eclipse//plugins/org.eclipse.justj.openjdk.hotspot.jre.full.win32.x86_64_17.0.1.v20211116-1657/jre/bin;C:\WINDOWS\system32;C:\WINDOWS;C:\WINDOWS\system32\Wbem;C:\Python27;C:\Program Files\Common Files\Oracle\Java\javapath;C:\Program Files (x86)\Common Files\Oracle\Java\javapath;C:\WINDOWS\System32\WindowsPowerShell\v1.0\;C:\Program Files\Java\jdk1.8.0_202\bin;C:\Cassandra\apache-cassandra-3.11.13\bin;C:\Program Files\Java\jdk-17.0.4.1\bin;C:\Program Files\MongoDB\Server\5.0\bin;C:\WINDOWS\System32\OpenSSH\;C:\Program Files\nodejs\;C:\Program Files\MySQL\MySQL Server 8.0\bin;C:\Program Files\MySQL\MySQL Shell 8.0\bin\;C:\Users\user\AppData\Local\Microsoft\WindowsApps;C:\Users\user\AppData\Roaming\npm;C:\Users\user\AppData\Local\Programs\Microsoft VS Code\bin;D:\Office_Software\ECLIPSE J2EE\eclipse-jee-2021-12-R-win32-x86_64\eclipse;
USERNAME=user
OS=Windows_NT
PROCESSOR_IDENTIFIER=AMD64 Family 22 Model 48 Stepping 1, AuthenticAMD



---------------  S Y S T E M  ---------------

OS:
 Windows 10 , 64 bit Build 19041 (10.0.19041.2364)
OS uptime: 30 days 21:46 hours

CPU: total 4 (initial active 4) (4 cores per cpu, 1 threads per core) family 22 model 48 stepping 1 microcode 0x0, cx8, cmov, fxsr, mmx, 3dnowpref, sse, sse2, sse3, ssse3, sse4a, sse4.1, sse4.2, popcnt, lzcnt, tsc, tscinvbit, avx, aes, clmul, bmi1, vzeroupper, clflush

Memory: 4k page, system-wide physical 15320M (4715M free)
TotalPageFile size 30504M (AvailPageFile size 0M)
current process WorkingSet (physical memory assigned to process): 119M, peak: 119M
current process commit charge ("private bytes"): 362M, peak: 362M

vm_info: OpenJDK 64-Bit Server VM (17.0.1+12) for windows-amd64 JRE (17.0.1+12), built on Oct 20 2021 07:42:55 by "" with MS VC++ 16.7 (VS2019)

END.
